# JRE version: OpenJDK Runtime Environment (8.0_152-b01) (build 1.8.0_152-release-915-b01)
# Java VM: OpenJDK 64-Bit Server VM (25.152-b01 mixed mode windows-amd64 compressed oops)
Heap:
 PSYoungGen      total 319488K, used 20728K [0x00000000eab00000, 0x0000000100000000, 0x0000000100000000)
  eden space 293888K, 0% used [0x00000000eab00000,0x00000000eab00000,0x00000000fca00000)
  from space 25600K, 80% used [0x00000000fe700000,0x00000000ffb3e3f0,0x0000000100000000)
  to   space 27648K, 0% used [0x00000000fca00000,0x00000000fca00000,0x00000000fe500000)
 ParOldGen       total 63488K, used 45532K [0x00000000c0000000, 0x00000000c3e00000, 0x00000000eab00000)
  object space 63488K, 71% used [0x00000000c0000000,0x00000000c2c772b8,0x00000000c3e00000)
 Metaspace       used 56709K, capacity 58988K, committed 59008K, reserved 1099776K
  class space    used 7737K, capacity 8304K, committed 8320K, reserved 1048576K
GC Heap History (10 events):
Event: 29.627 GC heap after
Heap after GC invocations=8 (full 1):
 PSYoungGen      total 182784K, used 7163K [0x00000000eab00000, 0x00000000fef00000, 0x0000000100000000)
  eden space 168960K, 0% used [0x00000000eab00000,0x00000000eab00000,0x00000000f5000000)
  from space 13824K, 51% used [0x00000000f5000000,0x00000000f56fec48,0x00000000f5d80000)
  to   space 12800K, 0% used [0x00000000fe280000,0x00000000fe280000,0x00000000fef00000)
 ParOldGen       total 50176K, used 19366K [0x00000000c0000000, 0x00000000c3100000, 0x00000000eab00000)
  object space 50176K, 38% used [0x00000000c0000000,0x00000000c12e9890,0x00000000c3100000)
 Metaspace       used 34576K, capacity 35278K, committed 35416K, reserved 1079296K
  class space    used 4717K, capacity 5003K, committed 5120K, reserved 1048576K
}
Event: 29.627 GC heap before
{Heap before GC invocations=9 (full 2):
 PSYoungGen      total 182784K, used 7163K [0x00000000eab00000, 0x00000000fef00000, 0x0000000100000000)
  eden space 168960K, 0% used [0x00000000eab00000,0x00000000eab00000,0x00000000f5000000)
  from space 13824K, 51% used [0x00000000f5000000,0x00000000f56fec48,0x00000000f5d80000)
  to   space 12800K, 0% used [0x00000000fe280000,0x00000000fe280000,0x00000000fef00000)
 ParOldGen       total 50176K, used 19366K [0x00000000c0000000, 0x00000000c3100000, 0x00000000eab00000)
  object space 50176K, 38% used [0x00000000c0000000,0x00000000c12e9890,0x00000000c3100000)
 Metaspace       used 34576K, capacity 35278K, committed 35416K, reserved 1079296K
  class space    used 4717K, capacity 5003K, committed 5120K, reserved 1048576K
Event: 29.779 GC heap after
Heap after GC invocations=9 (full 2):
 PSYoungGen      total 182784K, used 0K [0x00000000eab00000, 0x00000000fef00000, 0x0000000100000000)
  eden space 168960K, 0% used [0x00000000eab00000,0x00000000eab00000,0x00000000f5000000)
  from space 13824K, 0% used [0x00000000f5000000,0x00000000f5000000,0x00000000f5d80000)
  to   space 12800K, 0% used [0x00000000fe280000,0x00000000fe280000,0x00000000fef00000)
 ParOldGen       total 63488K, used 19027K [0x00000000c0000000, 0x00000000c3e00000, 0x00000000eab00000)
  object space 63488K, 29% used [0x00000000c0000000,0x00000000c1294d90,0x00000000c3e00000)
 Metaspace       used 34576K, capacity 35278K, committed 35416K, reserved 1079296K
  class space    used 4717K, capacity 5003K, committed 5120K, reserved 1048576K
}
Event: 38.664 GC heap before
{Heap before GC invocations=10 (full 2):
 PSYoungGen      total 182784K, used 168960K [0x00000000eab00000, 0x00000000fef00000, 0x0000000100000000)
  eden space 168960K, 100% used [0x00000000eab00000,0x00000000f5000000,0x00000000f5000000)
  from space 13824K, 0% used [0x00000000f5000000,0x00000000f5000000,0x00000000f5d80000)
  to   space 12800K, 0% used [0x00000000fe280000,0x00000000fe280000,0x00000000fef00000)
 ParOldGen       total 63488K, used 19027K [0x00000000c0000000, 0x00000000c3e00000, 0x00000000eab00000)
  object space 63488K, 29% used [0x00000000c0000000,0x00000000c1294d90,0x00000000c3e00000)
 Metaspace       used 46694K, capacity 47686K, committed 48000K, reserved 1091584K
  class space    used 6291K, capacity 6701K, committed 6784K, reserved 1048576K
Event: 38.893 GC heap after
Heap after GC invocations=10 (full 2):
 PSYoungGen      total 315904K, used 12796K [0x00000000eab00000, 0x00000000ff480000, 0x0000000100000000)
  eden space 303104K, 0% used [0x00000000eab00000,0x00000000eab00000,0x00000000fd300000)
  from space 12800K, 99% used [0x00000000fe280000,0x00000000feeff150,0x00000000fef00000)
  to   space 15872K, 0% used [0x00000000fd300000,0x00000000fd300000,0x00000000fe280000)
 ParOldGen       total 63488K, used 22415K [0x00000000c0000000, 0x00000000c3e00000, 0x00000000eab00000)
  object space 63488K, 35% used [0x00000000c0000000,0x00000000c15e3eb8,0x00000000c3e00000)
 Metaspace       used 46694K, capacity 47686K, committed 48000K, reserved 1091584K
  class space    used 6291K, capacity 6701K, committed 6784K, reserved 1048576K
}
Event: 47.720 GC heap before
{Heap before GC invocations=11 (full 2):
 PSYoungGen      total 315904K, used 315900K [0x00000000eab00000, 0x00000000ff480000, 0x0000000100000000)
  eden space 303104K, 100% used [0x00000000eab00000,0x00000000fd300000,0x00000000fd300000)
  from space 12800K, 99% used [0x00000000fe280000,0x00000000feeff150,0x00000000fef00000)
  to   space 15872K, 0% used [0x00000000fd300000,0x00000000fd300000,0x00000000fe280000)
 ParOldGen       total 63488K, used 22415K [0x00000000c0000000, 0x00000000c3e00000, 0x00000000eab00000)
  object space 63488K, 35% used [0x00000000c0000000,0x00000000c15e3eb8,0x00000000c3e00000)
 Metaspace       used 53804K, capacity 55648K, committed 55808K, reserved 1097728K
  class space    used 7348K, capacity 7843K, committed 7936K, reserved 1048576K
Event: 47.869 GC heap after
Heap after GC invocations=11 (full 2):
 PSYoungGen      total 318976K, used 15841K [0x00000000eab00000, 0x0000000100000000, 0x0000000100000000)
  eden space 303104K, 0% used [0x00000000eab00000,0x00000000eab00000,0x00000000fd300000)
  from space 15872K, 99% used [0x00000000fd300000,0x00000000fe278700,0x00000000fe280000)
  to   space 25600K, 0% used [0x00000000fe700000,0x00000000fe700000,0x0000000100000000)
 ParOldGen       total 63488K, used 40497K [0x00000000c0000000, 0x00000000c3e00000, 0x00000000eab00000)
  object space 63488K, 63% used [0x00000000c0000000,0x00000000c278c448,0x00000000c3e00000)
 Metaspace       used 53804K, capacity 55648K, committed 55808K, reserved 1097728K
  class space    used 7348K, capacity 7843K, committed 7936K, reserved 1048576K
}
Event: 56.949 GC heap before
{Heap before GC invocations=12 (full 2):
 PSYoungGen      total 318976K, used 105695K [0x00000000eab00000, 0x0000000100000000, 0x0000000100000000)
  eden space 303104K, 29% used [0x00000000eab00000,0x00000000f02bf588,0x00000000fd300000)
  from space 15872K, 99% used [0x00000000fd300000,0x00000000fe278700,0x00000000fe280000)
  to   space 25600K, 0% used [0x00000000fe700000,0x00000000fe700000,0x0000000100000000)
 ParOldGen       total 63488K, used 40497K [0x00000000c0000000, 0x00000000c3e00000, 0x00000000eab00000)
  object space 63488K, 63% used [0x00000000c0000000,0x00000000c278c448,0x00000000c3e00000)
 Metaspace       used 56709K, capacity 58988K, committed 59008K, reserved 1099776K
  class space    used 7737K, capacity 8304K, committed 8320K, reserved 1048576K
Event: 57.194 GC heap after
Heap after GC invocations=12 (full 2):
 PSYoungGen      total 319488K, used 20728K [0x00000000eab00000, 0x0000000100000000, 0x0000000100000000)
  eden space 293888K, 0% used [0x00000000eab00000,0x00000000eab00000,0x00000000fca00000)
  from space 25600K, 80% used [0x00000000fe700000,0x00000000ffb3e3f0,0x0000000100000000)
  to   space 27648K, 0% used [0x00000000fca00000,0x00000000fca00000,0x00000000fe500000)
 ParOldGen       total 63488K, used 45532K [0x00000000c0000000, 0x00000000c3e00000, 0x00000000eab00000)
  object space 63488K, 71% used [0x00000000c0000000,0x00000000c2c772b8,0x00000000c3e00000)
 Metaspace       used 56709K, capacity 58988K, committed 59008K, reserved 1099776K
  class space    used 7737K, capacity 8304K, committed 8320K, reserved 1048576K
}
Event: 57.194 GC heap before
{Heap before GC invocations=13 (full 3):
 PSYoungGen      total 319488K, used 20728K [0x00000000eab00000, 0x0000000100000000, 0x0000000100000000)
  eden space 293888K, 0% used [0x00000000eab00000,0x00000000eab00000,0x00000000fca00000)
  from space 25600K, 80% used [0x00000000fe700000,0x00000000ffb3e3f0,0x0000000100000000)
  to   space 27648K, 0% used [0x00000000fca00000,0x00000000fca00000,0x00000000fe500000)
 ParOldGen       total 63488K, used 45532K [0x00000000c0000000, 0x00000000c3e00000, 0x00000000eab00000)
  object space 63488K, 71% used [0x00000000c0000000,0x00000000c2c772b8,0x00000000c3e00000)
 Metaspace       used 56709K, capacity 58988K, committed 59008K, reserved 1099776K
  class space    used 7737K, capacity 8304K, committed 8320K, reserved 1048576K

